Determining if the pthread_create exist failed with the following output:
Change Dir: /storage/hanhtth/advancedhpc2019/labwork/build/CMakeFiles/CMakeTmp

Run Build Command:"/usr/bin/make" "cmTC_2bf8c/fast"
/usr/bin/make -f CMakeFiles/cmTC_2bf8c.dir/build.make CMakeFiles/cmTC_2bf8c.dir/build
make[1]: Entering directory '/storage/hanhtth/advancedhpc2019/labwork/build/CMakeFiles/CMakeTmp'
Building C object CMakeFiles/cmTC_2bf8c.dir/CheckSymbolExists.c.o
/usr/bin/cc    -fPIC    -o CMakeFiles/cmTC_2bf8c.dir/CheckSymbolExists.c.o   -c /storage/hanhtth/advancedhpc2019/labwork/build/CMakeFiles/CMakeTmp/CheckSymbolExists.c
Linking C executable cmTC_2bf8c
/usr/bin/cmake -E cmake_link_script CMakeFiles/cmTC_2bf8c.dir/link.txt --verbose=1
/usr/bin/cc  -fPIC     CMakeFiles/cmTC_2bf8c.dir/CheckSymbolExists.c.o  -o cmTC_2bf8c -rdynamic 
CMakeFiles/cmTC_2bf8c.dir/CheckSymbolExists.c.o: In function `main':
CheckSymbolExists.c:(.text+0x1b): undefined reference to `pthread_create'
collect2: error: ld returned 1 exit status
CMakeFiles/cmTC_2bf8c.dir/build.make:97: recipe for target 'cmTC_2bf8c' failed
make[1]: *** [cmTC_2bf8c] Error 1
make[1]: Leaving directory '/storage/hanhtth/advancedhpc2019/labwork/build/CMakeFiles/CMakeTmp'
Makefile:126: recipe for target 'cmTC_2bf8c/fast' failed
make: *** [cmTC_2bf8c/fast] Error 2

File /storage/hanhtth/advancedhpc2019/labwork/build/CMakeFiles/CMakeTmp/CheckSymbolExists.c:
/* */
#include <pthread.h>

int main(int argc, char** argv)
{
  (void)argv;
#ifndef pthread_create
  return ((int*)(&pthread_create))[argc];
#else
  (void)argc;
  return 0;
#endif
}

Determining if the function pthread_create exists in the pthreads failed with the following output:
Change Dir: /storage/hanhtth/advancedhpc2019/labwork/build/CMakeFiles/CMakeTmp

Run Build Command:"/usr/bin/make" "cmTC_c8f35/fast"
/usr/bin/make -f CMakeFiles/cmTC_c8f35.dir/build.make CMakeFiles/cmTC_c8f35.dir/build
make[1]: Entering directory '/storage/hanhtth/advancedhpc2019/labwork/build/CMakeFiles/CMakeTmp'
Building C object CMakeFiles/cmTC_c8f35.dir/CheckFunctionExists.c.o
/usr/bin/cc    -fPIC -DCHECK_FUNCTION_EXISTS=pthread_create   -o CMakeFiles/cmTC_c8f35.dir/CheckFunctionExists.c.o   -c /usr/share/cmake-3.7/Modules/CheckFunctionExists.c
Linking C executable cmTC_c8f35
/usr/bin/cmake -E cmake_link_script CMakeFiles/cmTC_c8f35.dir/link.txt --verbose=1
/usr/bin/cc  -fPIC -DCHECK_FUNCTION_EXISTS=pthread_create    CMakeFiles/cmTC_c8f35.dir/CheckFunctionExists.c.o  -o cmTC_c8f35 -rdynamic -lpthreads 
/usr/bin/ld: cannot find -lpthreads
collect2: error: ld returned 1 exit status
CMakeFiles/cmTC_c8f35.dir/build.make:97: recipe for target 'cmTC_c8f35' failed
make[1]: *** [cmTC_c8f35] Error 1
make[1]: Leaving directory '/storage/hanhtth/advancedhpc2019/labwork/build/CMakeFiles/CMakeTmp'
Makefile:126: recipe for target 'cmTC_c8f35/fast' failed
make: *** [cmTC_c8f35/fast] Error 2


